2025-01-20 14:19:45.363 | INFO     | utils.utils_logger:<module>:38 - Logging to file: logs/project_log.log
2025-01-20 14:19:45.364 | INFO     | __main__:<module>:66 - Project root: /home/philip/nwmissouri/buzzline-03-philip
2025-01-20 14:19:45.364 | INFO     | __main__:<module>:70 - Data folder: /home/philip/nwmissouri/buzzline-03-philip/data
2025-01-20 14:19:45.364 | INFO     | __main__:<module>:74 - Data file: /home/philip/nwmissouri/buzzline-03-philip/data/smoker_temps.csv
2025-01-20 14:19:45.364 | INFO     | __main__:main:134 - START producer.
2025-01-20 14:19:45.364 | INFO     | utils.utils_producer:get_zookeeper_address:57 - Zookeeper address: localhost:2181
2025-01-20 14:19:45.365 | INFO     | utils.utils_producer:check_zookeeper_service_is_ready:79 - Zookeeper is ready at localhost:2181.
2025-01-20 14:19:45.365 | INFO     | utils.utils_producer:get_kafka_broker_address:50 - Kafka broker address: localhost:9092
2025-01-20 14:19:45.685 | INFO     | utils.utils_producer:check_kafka_service_is_ready:98 - Kafka is ready. Brokers: {'throttle_time_ms': 0, 'brokers': [{'node_id': 1001, 'host': 'localhost', 'port': 9092, 'rack': None}], 'cluster_id': 'AQw24yRlTRWUUPd2A8Fx3A', 'controller_id': 1001}
2025-01-20 14:19:45.685 | INFO     | __main__:get_kafka_topic:48 - Kafka topic: smoker_csv
2025-01-20 14:19:45.685 | INFO     | __main__:get_message_interval:55 - Message interval: 5 seconds
2025-01-20 14:19:45.685 | INFO     | utils.utils_producer:get_kafka_broker_address:50 - Kafka broker address: localhost:9092
2025-01-20 14:19:45.686 | INFO     | utils.utils_producer:create_kafka_producer:146 - Connecting to Kafka broker at localhost:9092...
2025-01-20 14:19:45.792 | INFO     | utils.utils_producer:create_kafka_producer:151 - Kafka producer successfully created.
2025-01-20 14:19:45.793 | INFO     | utils.utils_producer:get_kafka_broker_address:50 - Kafka broker address: localhost:9092
2025-01-20 14:19:46.115 | INFO     | utils.utils_producer:create_kafka_topic:172 - Topic 'smoker_csv' already exists. Clearing it out...
2025-01-20 14:19:46.115 | INFO     | utils.utils_producer:get_kafka_broker_address:50 - Kafka broker address: localhost:9092
2025-01-20 14:19:46.437 | ERROR    | utils.utils_producer:clear_kafka_topic:235 - Error managing retention for topic 'smoker_csv': list indices must be integers or slices, not ConfigResource
2025-01-20 14:19:46.438 | INFO     | __main__:main:157 - Kafka topic 'smoker_csv' is ready.
2025-01-20 14:19:46.438 | INFO     | __main__:main:163 - Starting message production to topic 'smoker_csv'...
2025-01-20 14:19:46.438 | INFO     | __main__:generate_messages:93 - Opening data file in read mode: /home/philip/nwmissouri/buzzline-03-philip/data/smoker_temps.csv
2025-01-20 14:19:46.438 | INFO     | __main__:generate_messages:95 - Reading data from file: /home/philip/nwmissouri/buzzline-03-philip/data/smoker_temps.csv
2025-01-20 14:19:46.439 | INFO     | __main__:main:167 - Sent message to topic 'smoker_csv': {'timestamp': '2025-01-20T22:19:46.438728', 'temperature': 70.4}
2025-01-20 14:19:50.007 | INFO     | utils.utils_logger:<module>:38 - Logging to file: logs/project_log.log
2025-01-20 14:19:50.008 | INFO     | __main__:main:162 - START consumer.
2025-01-20 14:19:50.008 | INFO     | __main__:get_kafka_topic:46 - Kafka topic: smoker_csv
2025-01-20 14:19:50.008 | INFO     | __main__:get_kafka_consumer_group_id:53 - Kafka consumer group id: smoker_group
2025-01-20 14:19:50.008 | INFO     | __main__:get_rolling_window_size:67 - Rolling window size: 10
2025-01-20 14:19:50.008 | INFO     | __main__:main:168 - Consumer: Topic 'smoker_csv' and group 'smoker_group'...
2025-01-20 14:19:50.008 | INFO     | __main__:main:169 - Rolling window size: 10
2025-01-20 14:19:50.008 | INFO     | utils.utils_producer:get_kafka_broker_address:50 - Kafka broker address: localhost:9092
2025-01-20 14:19:50.008 | INFO     | utils.utils_consumer:create_kafka_consumer:44 - Creating Kafka consumer. Topic='smoker_csv' and group ID='smoker_group'.
2025-01-20 14:19:50.114 | INFO     | utils.utils_consumer:create_kafka_consumer:59 - Kafka consumer created successfully.
2025-01-20 14:19:50.114 | INFO     | __main__:main:177 - Polling messages from topic 'smoker_csv'...
2025-01-20 14:19:50.331 | INFO     | __main__:process_message:127 - Processed JSON message: {'timestamp': '2025-01-20T22:19:46.438728', 'temperature': 70.4}
2025-01-20 14:19:50.331 | INFO     | __main__:get_rolling_window_size:67 - Rolling window size: 10
2025-01-20 14:19:51.440 | INFO     | __main__:main:167 - Sent message to topic 'smoker_csv': {'timestamp': '2025-01-20T22:19:51.439376', 'temperature': 70.8}
2025-01-20 14:19:51.443 | INFO     | __main__:process_message:127 - Processed JSON message: {'timestamp': '2025-01-20T22:19:51.439376', 'temperature': 70.8}
2025-01-20 14:19:51.443 | INFO     | __main__:get_rolling_window_size:67 - Rolling window size: 10
2025-01-20 14:19:56.441 | INFO     | __main__:main:167 - Sent message to topic 'smoker_csv': {'timestamp': '2025-01-20T22:19:56.440361', 'temperature': 71.2}
2025-01-20 14:19:56.444 | INFO     | __main__:process_message:127 - Processed JSON message: {'timestamp': '2025-01-20T22:19:56.440361', 'temperature': 71.2}
2025-01-20 14:19:56.445 | INFO     | __main__:get_rolling_window_size:67 - Rolling window size: 10
2025-01-20 14:20:01.441 | INFO     | __main__:main:167 - Sent message to topic 'smoker_csv': {'timestamp': '2025-01-20T22:20:01.441312', 'temperature': 71.6}
2025-01-20 14:20:01.445 | INFO     | __main__:process_message:127 - Processed JSON message: {'timestamp': '2025-01-20T22:20:01.441312', 'temperature': 71.6}
2025-01-20 14:20:01.445 | INFO     | __main__:get_rolling_window_size:67 - Rolling window size: 10
2025-01-20 14:20:06.443 | INFO     | __main__:main:167 - Sent message to topic 'smoker_csv': {'timestamp': '2025-01-20T22:20:06.443140', 'temperature': 72.0}
2025-01-20 14:20:06.446 | INFO     | __main__:process_message:127 - Processed JSON message: {'timestamp': '2025-01-20T22:20:06.443140', 'temperature': 72.0}
2025-01-20 14:20:06.447 | INFO     | __main__:get_rolling_window_size:67 - Rolling window size: 10
2025-01-20 14:20:11.444 | INFO     | __main__:main:167 - Sent message to topic 'smoker_csv': {'timestamp': '2025-01-20T22:20:11.444137', 'temperature': 72.4}
2025-01-20 14:20:11.447 | INFO     | __main__:process_message:127 - Processed JSON message: {'timestamp': '2025-01-20T22:20:11.444137', 'temperature': 72.4}
2025-01-20 14:20:11.447 | INFO     | __main__:get_rolling_window_size:67 - Rolling window size: 10
2025-01-20 14:20:16.445 | INFO     | __main__:main:167 - Sent message to topic 'smoker_csv': {'timestamp': '2025-01-20T22:20:16.445162', 'temperature': 72.8}
2025-01-20 14:20:16.449 | INFO     | __main__:process_message:127 - Processed JSON message: {'timestamp': '2025-01-20T22:20:16.445162', 'temperature': 72.8}
2025-01-20 14:20:16.449 | INFO     | __main__:get_rolling_window_size:67 - Rolling window size: 10
2025-01-20 14:20:21.447 | INFO     | __main__:main:167 - Sent message to topic 'smoker_csv': {'timestamp': '2025-01-20T22:20:21.446249', 'temperature': 73.2}
2025-01-20 14:20:21.450 | INFO     | __main__:process_message:127 - Processed JSON message: {'timestamp': '2025-01-20T22:20:21.446249', 'temperature': 73.2}
2025-01-20 14:20:21.450 | INFO     | __main__:get_rolling_window_size:67 - Rolling window size: 10
2025-01-20 14:20:25.831 | WARNING  | __main__:main:170 - Producer interrupted by user.
2025-01-20 14:20:25.833 | INFO     | __main__:main:175 - Kafka producer closed.
2025-01-20 14:20:25.833 | INFO     | __main__:main:177 - END producer.
2025-01-20 14:20:28.439 | WARNING  | __main__:main:184 - Consumer interrupted by user.
2025-01-20 14:20:28.446 | INFO     | __main__:main:189 - Kafka consumer for topic 'smoker_csv' closed.
